{
"/Users/andrewzey/Dropbox/Sites and Repos/classicaldb.org/requestHandler.js":{"path":"/Users/andrewzey/Dropbox/Sites and Repos/classicaldb.org/requestHandler.js","s":{"1":1,"2":1,"3":0},"b":{},"f":{"1":1,"2":0},"fnMap":{"1":{"name":"(anonymous_1)","line":2,"loc":{"start":{"line":2,"column":9},"end":{"line":2,"column":22}}},"2":{"name":"(anonymous_2)","line":3,"loc":{"start":{"line":3,"column":9},"end":{"line":3,"column":22}}}},"statementMap":{"1":{"start":{"line":1,"column":0},"end":{"line":5,"column":0}},"2":{"start":{"line":2,"column":24},"end":{"line":2,"column":35}},"3":{"start":{"line":3,"column":24},"end":{"line":3,"column":39}}},"branchMap":{},"l":{"1":1,"2":1,"3":0}}}
